<?xml version="1.0" ?>
<!DOCTYPE coverage SYSTEM "http://cobertura.sourceforge.net/xml/coverage-04.dtd">
<coverage lines-valid="42" lines-covered="40" line-rate="0.9523" branches-valid="9" branches-covered="6" branch-rate="0.6666" timestamp="1639083482227" complexity="0" version="0.1">
  <sources>
    <source>C:\wamp64\www\backend-js</source>
  </sources>
  <packages>
    <package name="backend-js" line-rate="1" branch-rate="1">
      <classes>
        <class name="app.js" filename="app.js" line-rate="1" branch-rate="1">
          <methods>
          </methods>
          <lines>
            <line number="1" hits="1" branch="false"/>
            <line number="2" hits="1" branch="false"/>
            <line number="3" hits="1" branch="false"/>
            <line number="4" hits="1" branch="false"/>
            <line number="6" hits="1" branch="false"/>
            <line number="8" hits="1" branch="false"/>
          </lines>
        </class>
      </classes>
    </package>
    <package name="backend-js.config" line-rate="1" branch-rate="1">
      <classes>
        <class name="config.js" filename="config\config.js" line-rate="1" branch-rate="1">
          <methods>
          </methods>
          <lines>
            <line number="1" hits="1" branch="false"/>
            <line number="3" hits="1" branch="false"/>
          </lines>
        </class>
      </classes>
    </package>
    <package name="backend-js.controllers" line-rate="0.75" branch-rate="1">
      <classes>
        <class name="usersCtrl.js" filename="controllers\usersCtrl.js" line-rate="0.75" branch-rate="1">
          <methods>
            <method name="(anonymous_0)" hits="1" signature="()V">
              <lines>
                <line number="4" hits="1"/>
              </lines>
            </method>
            <method name="(anonymous_1)" hits="0" signature="()V">
              <lines>
                <line number="6" hits="0"/>
              </lines>
            </method>
          </methods>
          <lines>
            <line number="1" hits="1" branch="false"/>
            <line number="3" hits="1" branch="false"/>
            <line number="5" hits="1" branch="false"/>
            <line number="7" hits="0" branch="false"/>
          </lines>
        </class>
      </classes>
    </package>
    <package name="backend-js.models" line-rate="0.9582999999999999" branch-rate="0.6666">
      <classes>
        <class name="index.js" filename="models\index.js" line-rate="0.95" branch-rate="0.6666">
          <methods>
            <method name="(anonymous_0)" hits="2" signature="()V">
              <lines>
                <line number="20" hits="2"/>
              </lines>
            </method>
            <method name="(anonymous_1)" hits="1" signature="()V">
              <lines>
                <line number="23" hits="1"/>
              </lines>
            </method>
            <method name="(anonymous_2)" hits="1" signature="()V">
              <lines>
                <line number="28" hits="1"/>
              </lines>
            </method>
          </methods>
          <lines>
            <line number="3" hits="1" branch="false"/>
            <line number="4" hits="1" branch="false"/>
            <line number="5" hits="1" branch="false"/>
            <line number="6" hits="1" branch="false"/>
            <line number="7" hits="1" branch="true" condition-coverage="50% (1/2)"/>
            <line number="8" hits="1" branch="false"/>
            <line number="9" hits="1" branch="false"/>
            <line number="12" hits="1" branch="true" condition-coverage="50% (1/2)"/>
            <line number="13" hits="0" branch="false"/>
            <line number="15" hits="1" branch="false"/>
            <line number="18" hits="1" branch="false"/>
            <line number="21" hits="2" branch="true" condition-coverage="100% (3/3)"/>
            <line number="24" hits="1" branch="false"/>
            <line number="25" hits="1" branch="false"/>
            <line number="28" hits="1" branch="false"/>
            <line number="29" hits="1" branch="true" condition-coverage="50% (1/2)"/>
            <line number="30" hits="1" branch="false"/>
            <line number="34" hits="1" branch="false"/>
            <line number="35" hits="1" branch="false"/>
            <line number="37" hits="1" branch="false"/>
          </lines>
        </class>
        <class name="user.js" filename="models\user.js" line-rate="1" branch-rate="1">
          <methods>
            <method name="(anonymous_0)" hits="1" signature="()V">
              <lines>
                <line number="5" hits="1"/>
              </lines>
            </method>
            <method name="(anonymous_1)" hits="1" signature="()V">
              <lines>
                <line number="12" hits="1"/>
              </lines>
            </method>
          </methods>
          <lines>
            <line number="4" hits="1" branch="false"/>
            <line number="5" hits="1" branch="false"/>
            <line number="16" hits="1" branch="false"/>
            <line number="23" hits="1" branch="false"/>
          </lines>
        </class>
      </classes>
    </package>
    <package name="backend-js.routes" line-rate="1" branch-rate="1">
      <classes>
        <class name="apiRouter.js" filename="routes\apiRouter.js" line-rate="1" branch-rate="1">
          <methods>
            <method name="(anonymous_0)" hits="1" signature="()V">
              <lines>
                <line number="4" hits="1"/>
              </lines>
            </method>
          </methods>
          <lines>
            <line number="1" hits="1" branch="false"/>
            <line number="2" hits="1" branch="false"/>
            <line number="4" hits="1" branch="false"/>
            <line number="5" hits="1" branch="false"/>
            <line number="6" hits="1" branch="false"/>
            <line number="7" hits="1" branch="false"/>
          </lines>
        </class>
      </classes>
    </package>
  </packages>
</coverage>
